{"total": {"lines":{"total":86,"covered":45,"skipped":0,"pct":52.32},"statements":{"total":106,"covered":46,"skipped":0,"pct":43.39},"functions":{"total":17,"covered":3,"skipped":0,"pct":17.64},"branches":{"total":56,"covered":15,"skipped":0,"pct":26.78},"branchesTrue":{"total":0,"covered":0,"skipped":0,"pct":"Unknown"}}
,"D:\\3 курс 2 семестр\\ЯПЗТ\\лр6\\Lab6\\src\\JS\\main.js": {"lines":{"total":84,"covered":45,"skipped":0,"pct":53.57},"functions":{"total":17,"covered":3,"skipped":0,"pct":17.64},"statements":{"total":104,"covered":46,"skipped":0,"pct":44.23},"branches":{"total":56,"covered":15,"skipped":0,"pct":26.78}}
,"D:\\3 курс 2 семестр\\ЯПЗТ\\лр6\\Lab6\\src\\JS\\time.js": {"lines":{"total":2,"covered":0,"skipped":0,"pct":0},"functions":{"total":0,"covered":0,"skipped":0,"pct":100},"statements":{"total":2,"covered":0,"skipped":0,"pct":0},"branches":{"total":0,"covered":0,"skipped":0,"pct":100}}
}
