TN:
SF:src\JS\main.js
FN:12,(anonymous_0)
FN:13,(anonymous_1)
FN:14,(anonymous_2)
FN:23,addToDo
FN:40,savelocal
FN:48,getTodos
FN:52,(anonymous_6)
FN:55,renderToDo
FN:82,changeTheme
FN:97,(anonymous_9)
FN:103,(anonymous_10)
FN:110,deletecheck
FN:116,(anonymous_12)
FN:125,updateLocalTodos
FN:127,(anonymous_14)
FN:134,removeLocalTodos
FN:136,(anonymous_16)
FNF:17
FNH:3
FNDA:0,(anonymous_0)
FNDA:0,(anonymous_1)
FNDA:0,(anonymous_2)
FNDA:2,addToDo
FNDA:2,savelocal
FNDA:0,getTodos
FNDA:0,(anonymous_6)
FNDA:2,renderToDo
FNDA:0,changeTheme
FNDA:0,(anonymous_9)
FNDA:0,(anonymous_10)
FNDA:0,deletecheck
FNDA:0,(anonymous_12)
FNDA:0,updateLocalTodos
FNDA:0,(anonymous_14)
FNDA:0,removeLocalTodos
FNDA:0,(anonymous_16)
DA:2,1
DA:3,1
DA:4,1
DA:5,1
DA:6,1
DA:8,1
DA:9,1
DA:10,1
DA:12,1
DA:13,1
DA:14,1
DA:16,1
DA:18,1
DA:19,0
DA:24,2
DA:26,2
DA:27,2
DA:29,2
DA:30,2
DA:31,0
DA:32,0
DA:34,2
DA:35,2
DA:36,2
DA:37,2
DA:41,2
DA:44,2
DA:45,2
DA:49,0
DA:52,0
DA:56,2
DA:57,2
DA:59,2
DA:60,2
DA:62,2
DA:63,2
DA:64,2
DA:65,2
DA:67,2
DA:68,2
DA:69,2
DA:70,2
DA:72,2
DA:73,2
DA:74,2
DA:75,2
DA:77,2
DA:79,2
DA:83,0
DA:84,0
DA:85,0
DA:87,0
DA:88,0
DA:89,0
DA:94,0
DA:95,0
DA:97,0
DA:98,0
DA:103,0
DA:104,0
DA:105,0
DA:106,0
DA:111,0
DA:112,0
DA:113,0
DA:114,0
DA:115,0
DA:116,0
DA:118,0
DA:119,0
DA:120,0
DA:121,0
DA:126,0
DA:127,0
DA:128,0
DA:129,0
DA:130,0
DA:135,0
DA:136,0
DA:137,0
DA:138,0
DA:139,0
DA:144,1
DA:145,1
LF:84
LH:45
BRDA:8,0,0,0
BRDA:8,0,1,1
BRDA:9,1,0,0
BRDA:9,1,1,1
BRDA:12,2,0,0
BRDA:12,2,1,1
BRDA:13,3,0,0
BRDA:13,3,1,1
BRDA:14,4,0,0
BRDA:14,4,1,1
BRDA:16,5,0,1
BRDA:16,5,1,1
BRDA:18,6,0,0
BRDA:18,6,1,1
BRDA:24,7,0,2
BRDA:24,7,1,0
BRDA:27,8,0,0
BRDA:27,8,1,2
BRDA:30,9,0,0
BRDA:30,9,1,2
BRDA:41,10,0,2
BRDA:41,10,1,0
BRDA:49,11,0,0
BRDA:49,11,1,0
BRDA:57,12,0,0
BRDA:57,12,1,2
BRDA:77,13,0,0
BRDA:77,13,1,2
BRDA:88,14,0,0
BRDA:88,14,1,0
BRDA:89,15,0,0
BRDA:89,15,1,0
BRDA:95,16,0,0
BRDA:95,16,1,0
BRDA:98,17,0,0
BRDA:98,17,1,0
BRDA:104,18,0,0
BRDA:104,18,1,0
BRDA:105,19,0,0
BRDA:105,19,1,0
BRDA:106,20,0,0
BRDA:106,20,1,0
BRDA:112,21,0,0
BRDA:112,21,1,0
BRDA:118,22,0,0
BRDA:118,22,1,0
BRDA:126,23,0,0
BRDA:126,23,1,0
BRDA:128,24,0,0
BRDA:128,24,1,0
BRDA:135,25,0,0
BRDA:135,25,1,0
BRDA:137,26,0,0
BRDA:137,26,1,0
BRDA:144,27,0,1
BRDA:144,27,1,0
BRF:56
BRH:15
end_of_record
TN:
SF:src\JS\time.js
FNF:0
FNH:0
DA:1,0
DA:2,0
LF:2
LH:0
BRF:0
BRH:0
end_of_record
